<?xml version="1.0" encoding="UTF-8"?>
<testng-results skipped="0" failed="1" ignored="0" total="3" passed="2">
  <reporter-output>
  </reporter-output>
  <suite name="Suite" duration-ms="34505" started-at="2022-05-31T22:49:35 IST" finished-at="2022-05-31T22:50:10 IST">
    <groups>
    </groups>
    <test name="Test" duration-ms="34505" started-at="2022-05-31T22:49:35 IST" finished-at="2022-05-31T22:50:10 IST">
      <class name="testcases.LoginTest">
        <test-method status="PASS" signature="BrowserLaunch()[pri:0, instance:testcases.LoginTest@12f41634]" name="BrowserLaunch" is-config="true" duration-ms="21743" started-at="2022-05-31T22:49:14 IST" finished-at="2022-05-31T22:49:35 IST">
          <reporter-output>
          </reporter-output>
        </test-method> <!-- BrowserLaunch -->
        <test-method status="PASS" signature="allPageObject()[pri:0, instance:testcases.LoginTest@12f41634]" name="allPageObject" is-config="true" duration-ms="299" started-at="2022-05-31T22:49:35 IST" finished-at="2022-05-31T22:49:36 IST">
          <reporter-output>
          </reporter-output>
        </test-method> <!-- allPageObject -->
        <test-method status="PASS" signature="LoginWithCorrectCredintionals()[pri:0, instance:testcases.LoginTest@12f41634]" name="LoginWithCorrectCredintionals" duration-ms="1877" started-at="2022-05-31T22:49:36 IST" finished-at="2022-05-31T22:49:38 IST">
          <reporter-output>
          </reporter-output>
        </test-method> <!-- LoginWithCorrectCredintionals -->
        <test-method status="PASS" signature="FileUploadOnNaukari()[pri:1, instance:testcases.LoginTest@12f41634]" name="FileUploadOnNaukari" duration-ms="21303" started-at="2022-05-31T22:49:38 IST" finished-at="2022-05-31T22:49:59 IST">
          <reporter-output>
          </reporter-output>
        </test-method> <!-- FileUploadOnNaukari -->
        <test-method status="FAIL" signature="LogoutNaukriProfile()[pri:2, instance:testcases.LoginTest@12f41634]" name="LogoutNaukriProfile" duration-ms="10901" started-at="2022-05-31T22:49:59 IST" finished-at="2022-05-31T22:50:10 IST">
          <exception class="org.openqa.selenium.TimeoutException">
            <message>
              <![CDATA[Expected condition failed: waiting for element to be clickable: [[ChromeDriver: chrome on WINDOWS (cafef3bc90176232bcd8c3c069241c0f)] -> xpath: //a[@title='Logout']] (tried for 10 second(s) with 500 milliseconds interval)
Build info: version: '3.141.59', revision: 'e82be7d358', time: '2018-11-14T08:17:03'
System info: host: 'DESKTOP-4MK9F1J', ip: '192.168.1.12', os.name: 'Windows 10', os.arch: 'amd64', os.version: '10.0', java.version: '1.8.0_333'
Driver info: org.openqa.selenium.chrome.ChromeDriver
Capabilities {acceptInsecureCerts: false, browserName: chrome, browserVersion: 101.0.4951.67, chrome: {chromedriverVersion: 101.0.4951.41 (93c720db8323..., userDataDir: C:\Users\Admin\AppData\Loca...}, goog:chromeOptions: {debuggerAddress: localhost:57867}, javascriptEnabled: true, networkConnectionEnabled: false, pageLoadStrategy: normal, platform: WINDOWS, platformName: WINDOWS, proxy: Proxy(), setWindowRect: true, strictFileInteractability: false, timeouts: {implicit: 0, pageLoad: 300000, script: 30000}, unhandledPromptBehavior: dismiss and notify, webauthn:extension:credBlob: true, webauthn:extension:largeBlob: true, webauthn:virtualAuthenticators: true}
Session ID: cafef3bc90176232bcd8c3c069241c0f]]>
            </message>
            <full-stacktrace>
              <![CDATA[org.openqa.selenium.TimeoutException: Expected condition failed: waiting for element to be clickable: [[ChromeDriver: chrome on WINDOWS (cafef3bc90176232bcd8c3c069241c0f)] -> xpath: //a[@title='Logout']] (tried for 10 second(s) with 500 milliseconds interval)
Build info: version: '3.141.59', revision: 'e82be7d358', time: '2018-11-14T08:17:03'
System info: host: 'DESKTOP-4MK9F1J', ip: '192.168.1.12', os.name: 'Windows 10', os.arch: 'amd64', os.version: '10.0', java.version: '1.8.0_333'
Driver info: org.openqa.selenium.chrome.ChromeDriver
Capabilities {acceptInsecureCerts: false, browserName: chrome, browserVersion: 101.0.4951.67, chrome: {chromedriverVersion: 101.0.4951.41 (93c720db8323..., userDataDir: C:\Users\Admin\AppData\Loca...}, goog:chromeOptions: {debuggerAddress: localhost:57867}, javascriptEnabled: true, networkConnectionEnabled: false, pageLoadStrategy: normal, platform: WINDOWS, platformName: WINDOWS, proxy: Proxy(), setWindowRect: true, strictFileInteractability: false, timeouts: {implicit: 0, pageLoad: 300000, script: 30000}, unhandledPromptBehavior: dismiss and notify, webauthn:extension:credBlob: true, webauthn:extension:largeBlob: true, webauthn:virtualAuthenticators: true}
Session ID: cafef3bc90176232bcd8c3c069241c0f
at org.openqa.selenium.support.ui.WebDriverWait.timeoutException(WebDriverWait.java:95)
at org.openqa.selenium.support.ui.FluentWait.until(FluentWait.java:272)
at testpages.BaseClass.waitTime(BaseClass.java:21)
at testpages.LogOut.NaukriLogOut(LogOut.java:27)
at testcases.LoginTest.LogoutNaukriProfile(LoginTest.java:24)
at sun.reflect.NativeMethodAccessorImpl.invoke0(Native Method)
at sun.reflect.NativeMethodAccessorImpl.invoke(NativeMethodAccessorImpl.java:62)
at sun.reflect.DelegatingMethodAccessorImpl.invoke(DelegatingMethodAccessorImpl.java:43)
at java.lang.reflect.Method.invoke(Method.java:498)
at org.testng.internal.MethodInvocationHelper.invokeMethod(MethodInvocationHelper.java:133)
at org.testng.internal.TestInvoker.invokeMethod(TestInvoker.java:598)
at org.testng.internal.TestInvoker.invokeTestMethod(TestInvoker.java:173)
at org.testng.internal.MethodRunner.runInSequence(MethodRunner.java:46)
at org.testng.internal.TestInvoker$MethodInvocationAgent.invoke(TestInvoker.java:824)
at org.testng.internal.TestInvoker.invokeTestMethods(TestInvoker.java:146)
at org.testng.internal.TestMethodWorker.invokeTestMethods(TestMethodWorker.java:146)
at org.testng.internal.TestMethodWorker.run(TestMethodWorker.java:128)
at java.util.ArrayList.forEach(ArrayList.java:1259)
at org.testng.TestRunner.privateRun(TestRunner.java:794)
at org.testng.TestRunner.run(TestRunner.java:596)
at org.testng.SuiteRunner.runTest(SuiteRunner.java:377)
at org.testng.SuiteRunner.runSequentially(SuiteRunner.java:371)
at org.testng.SuiteRunner.privateRun(SuiteRunner.java:332)
at org.testng.SuiteRunner.run(SuiteRunner.java:276)
at org.testng.SuiteRunnerWorker.runSuite(SuiteRunnerWorker.java:53)
at org.testng.SuiteRunnerWorker.run(SuiteRunnerWorker.java:96)
at org.testng.TestNG.runSuitesSequentially(TestNG.java:1212)
at org.testng.TestNG.runSuitesLocally(TestNG.java:1134)
at org.testng.TestNG.runSuites(TestNG.java:1063)
at org.testng.TestNG.run(TestNG.java:1031)
at org.testng.remote.AbstractRemoteTestNG.run(AbstractRemoteTestNG.java:115)
at org.testng.remote.RemoteTestNG.initAndRun(RemoteTestNG.java:251)
at org.testng.remote.RemoteTestNG.main(RemoteTestNG.java:77)
]]>
            </full-stacktrace>
          </exception> <!-- org.openqa.selenium.TimeoutException -->
          <reporter-output>
          </reporter-output>
        </test-method> <!-- LogoutNaukriProfile -->
        <test-method status="PASS" signature="browserClose()[pri:0, instance:testcases.LoginTest@12f41634]" name="browserClose" is-config="true" duration-ms="874" started-at="2022-05-31T22:50:10 IST" finished-at="2022-05-31T22:50:11 IST">
          <reporter-output>
          </reporter-output>
        </test-method> <!-- browserClose -->
      </class> <!-- testcases.LoginTest -->
    </test> <!-- Test -->
  </suite> <!-- Suite -->
</testng-results>
