<?xml version="1.0" encoding="UTF-8"?>
<!-- Generated by org.testng.reporters.JUnitXMLReporter -->
<testsuite ignored="1" hostname="DESKTOP-4MK9F1J" failures="0" tests="1" name="Default test" time="0.318" errors="0" timestamp="2022-03-29T07:26:11 IST">
  <testcase classname="testcases.LoginTest" name="LogOut" time="0.023"/>
  <testcase classname="testcases.LoginTest" name="LoginWithCorrectCredintionals" time="0.0">
    <ignored/>
  </testcase> <!-- LoginWithCorrectCredintionals -->
</testsuite> <!-- Default test -->
